<?xml version="1.0" encoding="UTF-8"?>
<!-- Generated by org.testng.reporters.JUnitReportReporter -->
<testsuite hostname="heweiming-PC" name="cn.heweiming.webjars.learn.algorithm.SelectionSortDemo01" tests="1" failures="0" timestamp="6 Sep 2016 10:26:56 GMT" time="0.014" errors="0">
  <testcase name="test01" time="0.014" classname="cn.heweiming.webjars.learn.algorithm.SelectionSortDemo01"/>
</testsuite> <!-- cn.heweiming.webjars.learn.algorithm.SelectionSortDemo01 -->
