<?xml version="1.0" encoding="UTF-8"?>
<!-- Generated by org.testng.reporters.JUnitReportReporter -->
<testsuite hostname="heweiming-PC" name="cn.heweiming.cncrypt.test.RSATester" tests="1" failures="0" timestamp="16 Aug 2016 12:49:10 GMT" time="0.102" errors="0">
  <testcase name="test02" time="0.102" classname="cn.heweiming.cncrypt.test.RSATester"/>
</testsuite> <!-- cn.heweiming.cncrypt.test.RSATester -->
