<?xml version="1.0" encoding="UTF-8"?>
<!-- Generated by org.testng.reporters.JUnitReportReporter -->
<testsuite hostname="heweiming-PC" name="cn.heweiming.webjars.learn.algorithm.BubbleSortDemo01" tests="1" failures="0" timestamp="6 Sep 2016 10:26:24 GMT" time="0.016" errors="0">
  <testcase name="test02" time="0.016" classname="cn.heweiming.webjars.learn.algorithm.BubbleSortDemo01"/>
</testsuite> <!-- cn.heweiming.webjars.learn.algorithm.BubbleSortDemo01 -->
